2019-07-12 21:53:49.501  INFO 7384 --- [main] c.m.S.SpringBootRestDemoApplication      : Starting SpringBootRestDemoApplication on DESKTOP-8GK3MDA with PID 7384 (started by zilia in E:\final project\backend\SpringBootRestDemo110)
2019-07-12 21:53:49.501  INFO 7384 --- [main] c.m.S.SpringBootRestDemoApplication      : No active profile set, falling back to default profiles: default
2019-07-12 21:53:50.500  INFO 7384 --- [main] .s.d.r.c.RepositoryConfigurationDelegate : Bootstrapping Spring Data repositories in DEFAULT mode.
2019-07-12 21:53:50.575  INFO 7384 --- [main] .s.d.r.c.RepositoryConfigurationDelegate : Finished Spring Data repository scanning in 63ms. Found 6 repository interfaces.
2019-07-12 21:53:50.942  INFO 7384 --- [main] trationDelegate$BeanPostProcessorChecker : Bean 'org.springframework.transaction.annotation.ProxyTransactionManagementConfiguration' of type [org.springframework.transaction.annotation.ProxyTransactionManagementConfiguration$$EnhancerBySpringCGLIB$$abd7a297] is not eligible for getting processed by all BeanPostProcessors (for example: not eligible for auto-proxying)
2019-07-12 21:53:51.057  INFO 7384 --- [main] trationDelegate$BeanPostProcessorChecker : Bean 'org.springframework.security.config.annotation.configuration.ObjectPostProcessorConfiguration' of type [org.springframework.security.config.annotation.configuration.ObjectPostProcessorConfiguration$$EnhancerBySpringCGLIB$$44856ad1] is not eligible for getting processed by all BeanPostProcessors (for example: not eligible for auto-proxying)
2019-07-12 21:53:51.057  INFO 7384 --- [main] trationDelegate$BeanPostProcessorChecker : Bean 'objectPostProcessor' of type [org.springframework.security.config.annotation.configuration.AutowireBeanFactoryObjectPostProcessor] is not eligible for getting processed by all BeanPostProcessors (for example: not eligible for auto-proxying)
2019-07-12 21:53:51.057  INFO 7384 --- [main] trationDelegate$BeanPostProcessorChecker : Bean 'org.springframework.security.access.expression.method.DefaultMethodSecurityExpressionHandler@72fe8a4f' of type [org.springframework.security.access.expression.method.DefaultMethodSecurityExpressionHandler] is not eligible for getting processed by all BeanPostProcessors (for example: not eligible for auto-proxying)
2019-07-12 21:53:51.057  INFO 7384 --- [main] trationDelegate$BeanPostProcessorChecker : Bean 'org.springframework.security.config.annotation.method.configuration.GlobalMethodSecurityConfiguration' of type [org.springframework.security.config.annotation.method.configuration.GlobalMethodSecurityConfiguration$$EnhancerBySpringCGLIB$$695a0d83] is not eligible for getting processed by all BeanPostProcessors (for example: not eligible for auto-proxying)
2019-07-12 21:53:51.073  INFO 7384 --- [main] trationDelegate$BeanPostProcessorChecker : Bean 'methodSecurityMetadataSource' of type [org.springframework.security.access.method.DelegatingMethodSecurityMetadataSource] is not eligible for getting processed by all BeanPostProcessors (for example: not eligible for auto-proxying)
2019-07-12 21:53:51.736  INFO 7384 --- [main] o.s.b.w.embedded.tomcat.TomcatWebServer  : Tomcat initialized with port(s): 8080 (http)
2019-07-12 21:53:51.796  INFO 7384 --- [main] o.apache.catalina.core.StandardService   : Starting service [Tomcat]
2019-07-12 21:53:51.796  INFO 7384 --- [main] org.apache.catalina.core.StandardEngine  : Starting Servlet engine: [Apache Tomcat/9.0.19]
2019-07-12 21:53:52.182  INFO 7384 --- [main] o.a.c.c.C.[Tomcat].[localhost].[/]       : Initializing Spring embedded WebApplicationContext
2019-07-12 21:53:52.182  INFO 7384 --- [main] o.s.web.context.ContextLoader            : Root WebApplicationContext: initialization completed in 2650 ms
2019-07-12 21:53:52.370  INFO 7384 --- [main] com.zaxxer.hikari.HikariDataSource       : HikariPool-1 - Starting...
2019-07-12 21:53:52.799  INFO 7384 --- [main] com.zaxxer.hikari.pool.PoolBase          : HikariPool-1 - Driver does not support get/set network timeout for connections. (oracle.jdbc.driver.T4CConnection.getNetworkTimeout()I)
2019-07-12 21:53:52.809  INFO 7384 --- [main] com.zaxxer.hikari.HikariDataSource       : HikariPool-1 - Start completed.
2019-07-12 21:53:52.860  INFO 7384 --- [main] o.hibernate.jpa.internal.util.LogHelper  : HHH000204: Processing PersistenceUnitInfo [
	name: default
	...]
2019-07-12 21:53:52.910  INFO 7384 --- [main] org.hibernate.Version                    : HHH000412: Hibernate Core {5.3.10.Final}
2019-07-12 21:53:52.910  INFO 7384 --- [main] org.hibernate.cfg.Environment            : HHH000206: hibernate.properties not found
2019-07-12 21:53:53.057  INFO 7384 --- [main] o.hibernate.annotations.common.Version   : HCANN000001: Hibernate Commons Annotations {5.0.4.Final}
2019-07-12 21:53:53.182  INFO 7384 --- [main] org.hibernate.dialect.Dialect            : HHH000400: Using dialect: org.hibernate.dialect.Oracle10gDialect
2019-07-12 21:53:53.926  INFO 7384 --- [main] j.LocalContainerEntityManagerFactoryBean : Initialized JPA EntityManagerFactory for persistence unit 'default'
2019-07-12 21:53:54.501  INFO 7384 --- [main] o.h.h.i.QueryTranslatorFactoryInitiator  : HHH000397: Using ASTQueryTranslatorFactory
2019-07-12 21:53:54.867  INFO 7384 --- [main] o.s.s.web.DefaultSecurityFilterChain     : Creating filter chain: any request, [org.springframework.security.web.context.request.async.WebAsyncManagerIntegrationFilter@6c1e40d9, org.springframework.security.web.context.SecurityContextPersistenceFilter@569a26ab, org.springframework.security.web.header.HeaderWriterFilter@65e05005, org.springframework.web.filter.CorsFilter@4b50c21, org.springframework.security.web.authentication.logout.LogoutFilter@5855b0ed, org.springframework.security.web.authentication.UsernamePasswordAuthenticationFilter@71316cd7, org.springframework.security.web.savedrequest.RequestCacheAwareFilter@77ce8bc5, org.springframework.security.web.servletapi.SecurityContextHolderAwareRequestFilter@26aee0a6, org.springframework.security.web.authentication.rememberme.RememberMeAuthenticationFilter@7c206b14, org.springframework.security.web.authentication.AnonymousAuthenticationFilter@2e0fdc83, org.springframework.security.web.session.SessionManagementFilter@1efcba00, org.springframework.security.web.access.ExceptionTranslationFilter@69bc4024, org.springframework.security.web.access.intercept.FilterSecurityInterceptor@25589735]
2019-07-12 21:53:55.026  INFO 7384 --- [main] o.s.s.concurrent.ThreadPoolTaskExecutor  : Initializing ExecutorService 'applicationTaskExecutor'
2019-07-12 21:53:55.078  WARN 7384 --- [main] aWebConfiguration$JpaWebMvcConfiguration : spring.jpa.open-in-view is enabled by default. Therefore, database queries may be performed during view rendering. Explicitly configure spring.jpa.open-in-view to disable this warning
2019-07-12 21:53:55.140  INFO 7384 --- [main] o.s.b.a.w.s.WelcomePageHandlerMapping    : Adding welcome page: class path resource [public/index.html]
2019-07-12 21:53:55.378  INFO 7384 --- [main] o.s.b.w.embedded.tomcat.TomcatWebServer  : Tomcat started on port(s): 8080 (http) with context path ''
2019-07-12 21:53:55.379  INFO 7384 --- [main] c.m.S.SpringBootRestDemoApplication      : Started SpringBootRestDemoApplication in 6.15 seconds (JVM running for 6.56)
2019-07-12 21:54:12.823  INFO 7384 --- [http-nio-8080-exec-1] o.a.c.c.C.[Tomcat].[localhost].[/]       : Initializing Spring DispatcherServlet 'dispatcherServlet'
2019-07-12 21:54:12.824  INFO 7384 --- [http-nio-8080-exec-1] o.s.web.servlet.DispatcherServlet        : Initializing Servlet 'dispatcherServlet'
2019-07-12 21:54:12.836  INFO 7384 --- [http-nio-8080-exec-1] o.s.web.servlet.DispatcherServlet        : Completed initialization in 12 ms
2019-07-12 22:28:50.850  INFO 21812 --- [main] c.m.S.SpringBootRestDemoApplication      : Starting SpringBootRestDemoApplication on DESKTOP-8GK3MDA with PID 21812 (started by zilia in E:\final project\backend\SpringBootRestDemo110)
2019-07-12 22:28:50.852  INFO 21812 --- [main] c.m.S.SpringBootRestDemoApplication      : No active profile set, falling back to default profiles: default
2019-07-12 22:28:51.376  INFO 21812 --- [main] .s.d.r.c.RepositoryConfigurationDelegate : Bootstrapping Spring Data repositories in DEFAULT mode.
2019-07-12 22:28:51.445  INFO 21812 --- [main] .s.d.r.c.RepositoryConfigurationDelegate : Finished Spring Data repository scanning in 62ms. Found 6 repository interfaces.
2019-07-12 22:28:51.766  INFO 21812 --- [main] trationDelegate$BeanPostProcessorChecker : Bean 'org.springframework.transaction.annotation.ProxyTransactionManagementConfiguration' of type [org.springframework.transaction.annotation.ProxyTransactionManagementConfiguration$$EnhancerBySpringCGLIB$$21ffa0d5] is not eligible for getting processed by all BeanPostProcessors (for example: not eligible for auto-proxying)
2019-07-12 22:28:51.855  INFO 21812 --- [main] trationDelegate$BeanPostProcessorChecker : Bean 'org.springframework.security.config.annotation.configuration.ObjectPostProcessorConfiguration' of type [org.springframework.security.config.annotation.configuration.ObjectPostProcessorConfiguration$$EnhancerBySpringCGLIB$$baad690f] is not eligible for getting processed by all BeanPostProcessors (for example: not eligible for auto-proxying)
2019-07-12 22:28:51.859  INFO 21812 --- [main] trationDelegate$BeanPostProcessorChecker : Bean 'objectPostProcessor' of type [org.springframework.security.config.annotation.configuration.AutowireBeanFactoryObjectPostProcessor] is not eligible for getting processed by all BeanPostProcessors (for example: not eligible for auto-proxying)
2019-07-12 22:28:51.861  INFO 21812 --- [main] trationDelegate$BeanPostProcessorChecker : Bean 'org.springframework.security.access.expression.method.DefaultMethodSecurityExpressionHandler@70abf9b0' of type [org.springframework.security.access.expression.method.DefaultMethodSecurityExpressionHandler] is not eligible for getting processed by all BeanPostProcessors (for example: not eligible for auto-proxying)
2019-07-12 22:28:51.862  INFO 21812 --- [main] trationDelegate$BeanPostProcessorChecker : Bean 'org.springframework.security.config.annotation.method.configuration.GlobalMethodSecurityConfiguration' of type [org.springframework.security.config.annotation.method.configuration.GlobalMethodSecurityConfiguration$$EnhancerBySpringCGLIB$$df820bc1] is not eligible for getting processed by all BeanPostProcessors (for example: not eligible for auto-proxying)
2019-07-12 22:28:51.866  INFO 21812 --- [main] trationDelegate$BeanPostProcessorChecker : Bean 'methodSecurityMetadataSource' of type [org.springframework.security.access.method.DelegatingMethodSecurityMetadataSource] is not eligible for getting processed by all BeanPostProcessors (for example: not eligible for auto-proxying)
2019-07-12 22:28:52.194  INFO 21812 --- [main] o.s.b.w.embedded.tomcat.TomcatWebServer  : Tomcat initialized with port(s): 8080 (http)
2019-07-12 22:28:52.270  INFO 21812 --- [main] o.apache.catalina.core.StandardService   : Starting service [Tomcat]
2019-07-12 22:28:52.270  INFO 21812 --- [main] org.apache.catalina.core.StandardEngine  : Starting Servlet engine: [Apache Tomcat/9.0.19]
2019-07-12 22:28:52.359  INFO 21812 --- [main] o.a.c.c.C.[Tomcat].[localhost].[/]       : Initializing Spring embedded WebApplicationContext
2019-07-12 22:28:52.359  INFO 21812 --- [main] o.s.web.context.ContextLoader            : Root WebApplicationContext: initialization completed in 1479 ms
2019-07-12 22:28:52.517  INFO 21812 --- [main] com.zaxxer.hikari.HikariDataSource       : HikariPool-1 - Starting...
2019-07-12 22:28:52.826  INFO 21812 --- [main] com.zaxxer.hikari.pool.PoolBase          : HikariPool-1 - Driver does not support get/set network timeout for connections. (oracle.jdbc.driver.T4CConnection.getNetworkTimeout()I)
2019-07-12 22:28:52.829  INFO 21812 --- [main] com.zaxxer.hikari.HikariDataSource       : HikariPool-1 - Start completed.
2019-07-12 22:28:52.866  INFO 21812 --- [main] o.hibernate.jpa.internal.util.LogHelper  : HHH000204: Processing PersistenceUnitInfo [
	name: default
	...]
2019-07-12 22:28:52.920  INFO 21812 --- [main] org.hibernate.Version                    : HHH000412: Hibernate Core {5.3.10.Final}
2019-07-12 22:28:52.921  INFO 21812 --- [main] org.hibernate.cfg.Environment            : HHH000206: hibernate.properties not found
2019-07-12 22:28:53.046  INFO 21812 --- [main] o.hibernate.annotations.common.Version   : HCANN000001: Hibernate Commons Annotations {5.0.4.Final}
2019-07-12 22:28:53.166  INFO 21812 --- [main] org.hibernate.dialect.Dialect            : HHH000400: Using dialect: org.hibernate.dialect.Oracle10gDialect
2019-07-12 22:28:53.782  INFO 21812 --- [main] j.LocalContainerEntityManagerFactoryBean : Initialized JPA EntityManagerFactory for persistence unit 'default'
2019-07-12 22:28:54.271  INFO 21812 --- [main] o.h.h.i.QueryTranslatorFactoryInitiator  : HHH000397: Using ASTQueryTranslatorFactory
2019-07-12 22:28:54.617  INFO 21812 --- [main] o.s.s.web.DefaultSecurityFilterChain     : Creating filter chain: any request, [org.springframework.security.web.context.request.async.WebAsyncManagerIntegrationFilter@7dddfc35, org.springframework.security.web.context.SecurityContextPersistenceFilter@39afe59f, org.springframework.security.web.header.HeaderWriterFilter@fd5689d, org.springframework.web.filter.CorsFilter@71316cd7, org.springframework.security.web.authentication.logout.LogoutFilter@3578a45b, org.springframework.security.web.authentication.UsernamePasswordAuthenticationFilter@11d1735e, org.springframework.security.web.savedrequest.RequestCacheAwareFilter@4ede035e, org.springframework.security.web.servletapi.SecurityContextHolderAwareRequestFilter@20f63ddc, org.springframework.security.web.authentication.rememberme.RememberMeAuthenticationFilter@69f69078, org.springframework.security.web.authentication.AnonymousAuthenticationFilter@6106dfb6, org.springframework.security.web.session.SessionManagementFilter@218f2f51, org.springframework.security.web.access.ExceptionTranslationFilter@48ee3c2d, org.springframework.security.web.access.intercept.FilterSecurityInterceptor@5bbf744b]
2019-07-12 22:28:54.757  INFO 21812 --- [main] o.s.s.concurrent.ThreadPoolTaskExecutor  : Initializing ExecutorService 'applicationTaskExecutor'
2019-07-12 22:28:54.798  WARN 21812 --- [main] aWebConfiguration$JpaWebMvcConfiguration : spring.jpa.open-in-view is enabled by default. Therefore, database queries may be performed during view rendering. Explicitly configure spring.jpa.open-in-view to disable this warning
2019-07-12 22:28:54.870  INFO 21812 --- [main] o.s.b.a.w.s.WelcomePageHandlerMapping    : Adding welcome page: class path resource [public/index.html]
2019-07-12 22:28:55.064  INFO 21812 --- [main] o.s.b.w.embedded.tomcat.TomcatWebServer  : Tomcat started on port(s): 8080 (http) with context path ''
2019-07-12 22:28:55.065  INFO 21812 --- [main] c.m.S.SpringBootRestDemoApplication      : Started SpringBootRestDemoApplication in 4.488 seconds (JVM running for 4.826)
2019-07-12 22:29:06.575  INFO 21812 --- [http-nio-8080-exec-1] o.a.c.c.C.[Tomcat].[localhost].[/]       : Initializing Spring DispatcherServlet 'dispatcherServlet'
2019-07-12 22:29:06.576  INFO 21812 --- [http-nio-8080-exec-1] o.s.web.servlet.DispatcherServlet        : Initializing Servlet 'dispatcherServlet'
2019-07-12 22:29:06.586  INFO 21812 --- [http-nio-8080-exec-1] o.s.web.servlet.DispatcherServlet        : Completed initialization in 10 ms
